2022-11-21T08:49:16.850+0100 [main] INFO  it.cnr.isti.labsedc.concern.ConcernApp - 

-----------------------------------------------------
- NEW MONITORING SESSION - ALL COMPONENTS RESTARTED -
-----------------------------------------------------



2022-11-21T08:49:16.852+0100 [main] INFO  it.cnr.isti.labsedc.concern.ConcernApp - Starting components
2022-11-21T08:49:16.854+0100 [main] INFO  it.cnr.isti.labsedc.concern.broker.ActiveMQBrokerManager - Start SSL Broker
2022-11-21T08:49:17.077+0100 [main] INFO  it.cnr.isti.labsedc.concern.storage.MySQLStorageController - Setting up storage with default parameters
2022-11-21T08:49:17.321+0100 [main] INFO  it.cnr.isti.labsedc.concern.storage.MySQLStorageController - Connected successfully to concern on localhost
2022-11-21T08:49:17.470+0100 [main] INFO  it.cnr.isti.labsedc.concern.cep.DroolsComplexEventProcessorManager - CEP creation 
2022-11-21T08:49:17.487+0100 [Thread-4] INFO  it.cnr.isti.labsedc.concern.cep.DroolsComplexEventProcessorManager - ...CEP named InstanceOne creates a listening channel called: DROOLS-InstanceOne
2022-11-21T08:58:30.209+0100 [main] INFO  it.cnr.isti.labsedc.concern.ConcernApp - 

-----------------------------------------------------
- NEW MONITORING SESSION - ALL COMPONENTS RESTARTED -
-----------------------------------------------------



2022-11-21T08:58:30.211+0100 [main] INFO  it.cnr.isti.labsedc.concern.ConcernApp - Starting components
2022-11-21T08:58:30.213+0100 [main] INFO  it.cnr.isti.labsedc.concern.broker.ActiveMQBrokerManager - Start SSL Broker
2022-11-21T08:58:30.418+0100 [main] INFO  it.cnr.isti.labsedc.concern.storage.MySQLStorageController - Setting up storage with default parameters
2022-11-21T08:58:30.677+0100 [main] INFO  it.cnr.isti.labsedc.concern.storage.MySQLStorageController - Connected successfully to concern on localhost
2022-11-21T08:58:30.820+0100 [main] INFO  it.cnr.isti.labsedc.concern.cep.DroolsComplexEventProcessorManager - CEP creation 
2022-11-21T08:58:30.835+0100 [Thread-4] INFO  it.cnr.isti.labsedc.concern.cep.DroolsComplexEventProcessorManager - ...CEP named InstanceOne creates a listening channel called: DROOLS-InstanceOne
2022-12-01T15:13:49.481+0100 [main] INFO  it.cnr.isti.labsedc.concern.ConcernApp - 

-----------------------------------------------------
- NEW MONITORING SESSION - ALL COMPONENTS RESTARTED -
-----------------------------------------------------



2022-12-01T15:13:49.483+0100 [main] INFO  it.cnr.isti.labsedc.concern.ConcernApp - Starting components
2022-12-01T15:13:49.487+0100 [main] INFO  it.cnr.isti.labsedc.concern.broker.ActiveMQBrokerManager - Start SSL Broker
2022-12-01T15:13:49.709+0100 [main] INFO  it.cnr.isti.labsedc.concern.storage.MySQLStorageController - Setting up storage with default parameters
2022-12-01T15:13:50.018+0100 [main] INFO  it.cnr.isti.labsedc.concern.storage.MySQLStorageController - Connected successfully to concern on localhost
2022-12-01T15:13:50.198+0100 [main] INFO  it.cnr.isti.labsedc.concern.cep.DroolsComplexEventProcessorManager - CEP creation 
2022-12-01T15:13:50.214+0100 [Thread-4] INFO  it.cnr.isti.labsedc.concern.cep.DroolsComplexEventProcessorManager - ...CEP named InstanceOne creates a listening channel called: DROOLS-InstanceOne
2022-12-01T15:17:07.421+0100 [main] INFO  it.cnr.isti.labsedc.concern.ConcernApp - 

-----------------------------------------------------
- NEW MONITORING SESSION - ALL COMPONENTS RESTARTED -
-----------------------------------------------------



2022-12-01T15:17:07.422+0100 [main] INFO  it.cnr.isti.labsedc.concern.ConcernApp - Starting components
2022-12-01T15:17:07.425+0100 [main] INFO  it.cnr.isti.labsedc.concern.broker.ActiveMQBrokerManager - Start SSL Broker
2022-12-01T15:17:07.603+0100 [main] INFO  it.cnr.isti.labsedc.concern.storage.MySQLStorageController - Setting up storage with default parameters
2022-12-01T15:17:07.827+0100 [main] INFO  it.cnr.isti.labsedc.concern.storage.MySQLStorageController - Connected successfully to concern on localhost
2022-12-01T15:17:07.970+0100 [main] INFO  it.cnr.isti.labsedc.concern.cep.DroolsComplexEventProcessorManager - CEP creation 
2022-12-01T15:19:20.085+0100 [main] INFO  it.cnr.isti.labsedc.concern.ConcernApp - 

-----------------------------------------------------
- NEW MONITORING SESSION - ALL COMPONENTS RESTARTED -
-----------------------------------------------------



2022-12-01T15:19:20.086+0100 [main] INFO  it.cnr.isti.labsedc.concern.ConcernApp - Starting components
2022-12-01T15:19:20.089+0100 [main] INFO  it.cnr.isti.labsedc.concern.broker.ActiveMQBrokerManager - Start SSL Broker
2022-12-01T15:19:20.262+0100 [main] INFO  it.cnr.isti.labsedc.concern.storage.MySQLStorageController - Setting up storage with default parameters
2022-12-01T15:19:20.511+0100 [main] INFO  it.cnr.isti.labsedc.concern.storage.MySQLStorageController - Connected successfully to concern on localhost
2022-12-01T15:19:20.673+0100 [main] INFO  it.cnr.isti.labsedc.concern.cep.DroolsComplexEventProcessorManager - CEP creation 
2022-12-01T15:24:10.889+0100 [grizzly-http-server-8] INFO  it.cnr.isti.labsedc.concern.ConcernApp - 

-----------------------------------------------------
- NEW MONITORING SESSION - ALL COMPONENTS RESTARTED -
-----------------------------------------------------



2022-12-01T15:24:10.891+0100 [grizzly-http-server-8] INFO  it.cnr.isti.labsedc.concern.ConcernApp - Starting components
2022-12-01T15:24:10.894+0100 [grizzly-http-server-8] INFO  it.cnr.isti.labsedc.concern.broker.ActiveMQBrokerManager - Start SSL Broker
2022-12-01T15:24:11.111+0100 [grizzly-http-server-8] INFO  it.cnr.isti.labsedc.concern.storage.MySQLStorageController - Setting up storage with default parameters
2022-12-01T15:24:11.458+0100 [grizzly-http-server-8] INFO  it.cnr.isti.labsedc.concern.storage.MySQLStorageController - Connected successfully to concern on localhost
2022-12-01T15:24:11.600+0100 [grizzly-http-server-8] INFO  it.cnr.isti.labsedc.concern.cep.DroolsComplexEventProcessorManager - CEP creation 
2022-12-01T15:28:58.346+0100 [grizzly-http-server-1] INFO  it.cnr.isti.labsedc.concern.ConcernApp - 

-----------------------------------------------------
- NEW MONITORING SESSION - ALL COMPONENTS RESTARTED -
-----------------------------------------------------



2022-12-01T15:28:58.349+0100 [grizzly-http-server-1] INFO  it.cnr.isti.labsedc.concern.ConcernApp - Starting components
2022-12-01T15:28:58.351+0100 [grizzly-http-server-1] INFO  it.cnr.isti.labsedc.concern.broker.ActiveMQBrokerManager - Start SSL Broker
2022-12-01T15:28:58.503+0100 [grizzly-http-server-1] INFO  it.cnr.isti.labsedc.concern.storage.MySQLStorageController - Setting up storage with default parameters
2022-12-01T15:28:58.770+0100 [grizzly-http-server-1] INFO  it.cnr.isti.labsedc.concern.storage.MySQLStorageController - Connected successfully to concern on localhost
2022-12-01T15:28:58.914+0100 [grizzly-http-server-1] INFO  it.cnr.isti.labsedc.concern.cep.DroolsComplexEventProcessorManager - CEP creation 
2022-12-01T15:29:24.687+0100 [main] INFO  it.cnr.isti.labsedc.concern.ConcernApp - 

-----------------------------------------------------
- NEW MONITORING SESSION - ALL COMPONENTS RESTARTED -
-----------------------------------------------------



2022-12-01T15:29:24.689+0100 [main] INFO  it.cnr.isti.labsedc.concern.ConcernApp - Starting components
2022-12-01T15:29:24.692+0100 [main] INFO  it.cnr.isti.labsedc.concern.broker.ActiveMQBrokerManager - Start SSL Broker
2022-12-01T15:29:24.870+0100 [main] INFO  it.cnr.isti.labsedc.concern.storage.MySQLStorageController - Setting up storage with default parameters
2022-12-01T15:29:25.090+0100 [main] INFO  it.cnr.isti.labsedc.concern.storage.MySQLStorageController - Connected successfully to concern on localhost
2022-12-01T15:29:25.236+0100 [main] INFO  it.cnr.isti.labsedc.concern.cep.DroolsComplexEventProcessorManager - CEP creation 
2022-12-16T14:27:53.736+0100 [main] INFO  it.cnr.isti.labsedc.concern.ConcernApp - 

-----------------------------------------------------
- NEW MONITORING SESSION - ALL COMPONENTS RESTARTED -
-----------------------------------------------------



2022-12-16T14:27:53.738+0100 [main] INFO  it.cnr.isti.labsedc.concern.ConcernApp - Starting components
2022-12-16T14:27:53.741+0100 [main] INFO  it.cnr.isti.labsedc.concern.broker.ActiveMQBrokerManager - Start SSL Broker
2022-12-16T14:27:53.930+0100 [main] INFO  it.cnr.isti.labsedc.concern.storage.MySQLStorageController - Setting up storage with default parameters
2022-12-16T14:27:54.271+0100 [main] INFO  it.cnr.isti.labsedc.concern.storage.MySQLStorageController - Connected successfully to concern on localhost
2022-12-16T14:27:54.427+0100 [main] INFO  it.cnr.isti.labsedc.concern.cep.DroolsComplexEventProcessorManager - CEP creation 
