2023-02-17T14:35:36.833+0100 [main] INFO  it.cnr.isti.labsedc.concern.ConcernApp - 

-----------------------------------------------------
- NEW MONITORING SESSION - ALL COMPONENTS RESTARTED -
-----------------------------------------------------



2023-02-17T14:35:36.835+0100 [main] INFO  it.cnr.isti.labsedc.concern.ConcernApp - Starting components
2023-02-17T14:35:36.838+0100 [main] DEBUG it.cnr.isti.labsedc.concern.ConcernApp - ConcernApp is launching the broker.
2023-02-17T14:35:36.838+0100 [main] INFO  it.cnr.isti.labsedc.concern.broker.ActiveMQBrokerManager - Start SSL Broker
2023-02-17T14:35:36.845+0100 [main] DEBUG it.cnr.isti.labsedc.concern.broker.ActiveMQBrokerManager - Creating TrasportConnector
2023-02-17T14:35:37.070+0100 [main] DEBUG it.cnr.isti.labsedc.concern.broker.ActiveMQBrokerManager - Waiting for broker start
2023-02-17T14:35:37.070+0100 [main] DEBUG it.cnr.isti.labsedc.concern.broker.ActiveMQBrokerManager - broker started
2023-02-17T14:35:37.071+0100 [main] DEBUG it.cnr.isti.labsedc.concern.broker.ActiveMQBrokerManager - Enabling SSL ConnectionFactory
2023-02-17T14:35:37.094+0100 [main] DEBUG it.cnr.isti.labsedc.concern.broker.ActiveMQBrokerManager - Connection sucessfully created
2023-02-17T14:35:37.094+0100 [main] DEBUG it.cnr.isti.labsedc.concern.broker.ActiveMQBrokerManager - Component ActiveMQBrokerManager loaded in registry.
2023-02-17T14:35:37.095+0100 [main] DEBUG it.cnr.isti.labsedc.concern.ConcernApp - ConcernApp broker launched.
2023-02-17T14:35:37.095+0100 [main] INFO  it.cnr.isti.labsedc.concern.ConcernApp - Connecting to ActiveMQ
2023-02-17T14:35:37.095+0100 [main] INFO  it.cnr.isti.labsedc.concern.ConcernApp - Connected to ActiveMQ
2023-02-17T14:35:37.095+0100 [main] DEBUG it.cnr.isti.labsedc.concern.register.ChannelsManagementRegistry - into ChannelsManagementRegistry
2023-02-17T14:35:37.095+0100 [main] DEBUG it.cnr.isti.labsedc.concern.register.ChannelsManagementRegistry - ChannelsManagementRegistry started
2023-02-17T14:35:37.096+0100 [main] DEBUG it.cnr.isti.labsedc.concern.register.ChannelsManagementRegistry - ChannelsManagementRegistry loaded in registry.
2023-02-17T14:35:37.096+0100 [main] DEBUG it.cnr.isti.labsedc.concern.ConcernApp - Channels Management Registry created
2023-02-17T14:35:37.504+0100 [main] INFO  it.cnr.isti.labsedc.concern.cep.DroolsComplexEventProcessorManager - CEP creation 
2023-02-17T14:35:37.524+0100 [Thread-4] INFO  it.cnr.isti.labsedc.concern.cep.DroolsComplexEventProcessorManager - ...CEP named InstanceOne creates a listening channel called: DROOLS-InstanceOne
2023-02-17T14:35:37.743+0100 [Thread-4] INFO  it.cnr.isti.labsedc.concern.cep.DroolsComplexEventProcessorManager - ...CEP named InstanceOne created Session and fires rules /home/acalabro/eclipse-workspace/ConcernMonitoringRest/src/main/resources/startupRule.drl with knowledgePackages: [[Package name=it.cnr.isti.labsedc.concern.event]]
2023-02-17T14:37:50.368+0100 [grizzly-http-server-1] INFO  it.cnr.isti.labsedc.concern.ConcernApp - 

-----------------------------------------------------
- NEW MONITORING SESSION - ALL COMPONENTS RESTARTED -
-----------------------------------------------------



2023-02-17T14:37:50.369+0100 [grizzly-http-server-1] INFO  it.cnr.isti.labsedc.concern.ConcernApp - Starting components
2023-02-17T14:37:50.372+0100 [grizzly-http-server-1] DEBUG it.cnr.isti.labsedc.concern.ConcernApp - ConcernApp is launching the broker.
2023-02-17T14:37:50.373+0100 [grizzly-http-server-1] INFO  it.cnr.isti.labsedc.concern.broker.ActiveMQBrokerManager - Start SSL Broker
2023-02-17T14:37:50.381+0100 [grizzly-http-server-1] DEBUG it.cnr.isti.labsedc.concern.broker.ActiveMQBrokerManager - Creating TrasportConnector
2023-02-17T14:37:50.529+0100 [grizzly-http-server-1] DEBUG it.cnr.isti.labsedc.concern.broker.ActiveMQBrokerManager - Waiting for broker start
2023-02-17T14:37:50.529+0100 [grizzly-http-server-1] DEBUG it.cnr.isti.labsedc.concern.broker.ActiveMQBrokerManager - broker started
2023-02-17T14:37:50.530+0100 [grizzly-http-server-1] DEBUG it.cnr.isti.labsedc.concern.broker.ActiveMQBrokerManager - Enabling SSL ConnectionFactory
2023-02-17T14:37:50.559+0100 [grizzly-http-server-1] DEBUG it.cnr.isti.labsedc.concern.broker.ActiveMQBrokerManager - Connection sucessfully created
2023-02-17T14:37:50.559+0100 [grizzly-http-server-1] DEBUG it.cnr.isti.labsedc.concern.broker.ActiveMQBrokerManager - Component ActiveMQBrokerManager loaded in registry.
2023-02-17T14:37:50.559+0100 [grizzly-http-server-1] DEBUG it.cnr.isti.labsedc.concern.ConcernApp - ConcernApp broker launched.
2023-02-17T14:37:50.559+0100 [grizzly-http-server-1] INFO  it.cnr.isti.labsedc.concern.ConcernApp - Connecting to ActiveMQ
2023-02-17T14:37:50.560+0100 [grizzly-http-server-1] INFO  it.cnr.isti.labsedc.concern.ConcernApp - Connected to ActiveMQ
2023-02-17T14:37:50.560+0100 [grizzly-http-server-1] DEBUG it.cnr.isti.labsedc.concern.register.ChannelsManagementRegistry - into ChannelsManagementRegistry
2023-02-17T14:37:50.560+0100 [grizzly-http-server-1] DEBUG it.cnr.isti.labsedc.concern.register.ChannelsManagementRegistry - ChannelsManagementRegistry started
2023-02-17T14:37:50.560+0100 [grizzly-http-server-1] DEBUG it.cnr.isti.labsedc.concern.register.ChannelsManagementRegistry - ChannelsManagementRegistry loaded in registry.
2023-02-17T14:37:50.561+0100 [grizzly-http-server-1] DEBUG it.cnr.isti.labsedc.concern.ConcernApp - Channels Management Registry created
2023-02-17T14:37:50.982+0100 [grizzly-http-server-1] INFO  it.cnr.isti.labsedc.concern.cep.DroolsComplexEventProcessorManager - CEP creation 
2023-02-17T14:37:51.002+0100 [Thread-5] INFO  it.cnr.isti.labsedc.concern.cep.DroolsComplexEventProcessorManager - ...CEP named InstanceOne creates a listening channel called: DROOLS-InstanceOne
2023-02-17T14:37:51.182+0100 [Thread-5] INFO  it.cnr.isti.labsedc.concern.cep.DroolsComplexEventProcessorManager - ...CEP named InstanceOne created Session and fires rules /home/acalabro/eclipse-workspace/ConcernMonitoringRest/src/main/resources/startupRule.drl with knowledgePackages: [[Package name=it.cnr.isti.labsedc.concern.event]]
2023-02-17T14:38:05.061+0100 [ActiveMQ Session Task-1] INFO  it.cnr.isti.labsedc.concern.cep.DroolsComplexEventProcessorManager - ...CEP named InstanceOne receives rules //created Feb 17, 2023 - 16:55:32
package it.cnr.isti.labsedc.concern.event;
import it.cnr.isti.labsedc.concern.event.ConcernAbstractEvent;
import it.cnr.isti.labsedc.concern.event.ConcernProbeEvent;
import it.cnr.isti.labsedc.concern.event.ConcernBaseEvent;
import it.cnr.isti.labsedc.concern.utils.KieLauncher;
import it.cnr.isti.labsedc.concern.utils.Calculator;
import it.cnr.isti.labsedc.concern.notification.NotificationManager;

//Check a sequence of events strictly

dialect "java"

declare ConcernBaseEvent
    @role( event )
    @timestamp( timestamp )
    @expires(2m)
end

rule "observe errors in timeframe"
no-loop
salience 10
dialect "java"
when 

Number( longValue > 1 ) from accumulate(
	        ConcernBaseEvent( $latency : latency, name == "ERROR_NAME", senderID == "ErrorGenerationSimProbe" ) over window:size( 10 ),
	        average( $latency ) )   	 		
    then
        System.out.println("Failure detected");
end
2023-02-17T14:40:50.752+0100 [grizzly-http-server-1] INFO  it.cnr.isti.labsedc.concern.ConcernApp - 

-----------------------------------------------------
- NEW MONITORING SESSION - ALL COMPONENTS RESTARTED -
-----------------------------------------------------



2023-02-17T14:40:50.754+0100 [grizzly-http-server-1] INFO  it.cnr.isti.labsedc.concern.ConcernApp - Starting components
2023-02-17T14:40:50.757+0100 [grizzly-http-server-1] DEBUG it.cnr.isti.labsedc.concern.ConcernApp - ConcernApp is launching the broker.
2023-02-17T14:40:50.757+0100 [grizzly-http-server-1] INFO  it.cnr.isti.labsedc.concern.broker.ActiveMQBrokerManager - Start SSL Broker
2023-02-17T14:40:50.764+0100 [grizzly-http-server-1] DEBUG it.cnr.isti.labsedc.concern.broker.ActiveMQBrokerManager - Creating TrasportConnector
2023-02-17T14:40:51.011+0100 [grizzly-http-server-1] DEBUG it.cnr.isti.labsedc.concern.broker.ActiveMQBrokerManager - Waiting for broker start
2023-02-17T14:40:51.011+0100 [grizzly-http-server-1] DEBUG it.cnr.isti.labsedc.concern.broker.ActiveMQBrokerManager - broker started
2023-02-17T14:40:51.011+0100 [grizzly-http-server-1] DEBUG it.cnr.isti.labsedc.concern.broker.ActiveMQBrokerManager - Enabling SSL ConnectionFactory
2023-02-17T14:40:51.039+0100 [grizzly-http-server-1] DEBUG it.cnr.isti.labsedc.concern.broker.ActiveMQBrokerManager - Connection sucessfully created
2023-02-17T14:40:51.039+0100 [grizzly-http-server-1] DEBUG it.cnr.isti.labsedc.concern.broker.ActiveMQBrokerManager - Component ActiveMQBrokerManager loaded in registry.
2023-02-17T14:40:51.039+0100 [grizzly-http-server-1] DEBUG it.cnr.isti.labsedc.concern.ConcernApp - ConcernApp broker launched.
2023-02-17T14:40:51.039+0100 [grizzly-http-server-1] INFO  it.cnr.isti.labsedc.concern.ConcernApp - Connecting to ActiveMQ
2023-02-17T14:40:51.040+0100 [grizzly-http-server-1] INFO  it.cnr.isti.labsedc.concern.ConcernApp - Connected to ActiveMQ
2023-02-17T14:40:51.041+0100 [grizzly-http-server-1] DEBUG it.cnr.isti.labsedc.concern.register.ChannelsManagementRegistry - into ChannelsManagementRegistry
2023-02-17T14:40:51.041+0100 [grizzly-http-server-1] DEBUG it.cnr.isti.labsedc.concern.register.ChannelsManagementRegistry - ChannelsManagementRegistry started
2023-02-17T14:40:51.041+0100 [grizzly-http-server-1] DEBUG it.cnr.isti.labsedc.concern.register.ChannelsManagementRegistry - ChannelsManagementRegistry loaded in registry.
2023-02-17T14:40:51.041+0100 [grizzly-http-server-1] DEBUG it.cnr.isti.labsedc.concern.ConcernApp - Channels Management Registry created
2023-02-17T14:40:51.427+0100 [grizzly-http-server-1] INFO  it.cnr.isti.labsedc.concern.cep.DroolsComplexEventProcessorManager - CEP creation 
2023-02-17T14:40:51.448+0100 [Thread-5] INFO  it.cnr.isti.labsedc.concern.cep.DroolsComplexEventProcessorManager - ...CEP named InstanceOne creates a listening channel called: DROOLS-InstanceOne
2023-02-17T14:40:51.671+0100 [Thread-5] INFO  it.cnr.isti.labsedc.concern.cep.DroolsComplexEventProcessorManager - ...CEP named InstanceOne created Session and fires rules /home/acalabro/eclipse-workspace/ConcernMonitoringRest/src/main/resources/startupRule.drl with knowledgePackages: [[Package name=it.cnr.isti.labsedc.concern.event]]
2023-02-17T14:41:00.029+0100 [ActiveMQ Session Task-1] INFO  it.cnr.isti.labsedc.concern.cep.DroolsComplexEventProcessorManager - ...CEP named InstanceOne receives rules //created Feb 17, 2023 - 16:55:32
package it.cnr.isti.labsedc.concern.event;
import it.cnr.isti.labsedc.concern.event.ConcernAbstractEvent;
import it.cnr.isti.labsedc.concern.event.ConcernProbeEvent;
import it.cnr.isti.labsedc.concern.event.ConcernBaseEvent;
import it.cnr.isti.labsedc.concern.utils.KieLauncher;
import it.cnr.isti.labsedc.concern.utils.Calculator;
import it.cnr.isti.labsedc.concern.notification.NotificationManager;

//Check a sequence of events strictly

dialect "java"

declare ConcernBaseEvent
    @role( event )
    @timestamp( timestamp )
    @expires(2m)
end

rule "observe errors in timeframe"
no-loop
salience 10
dialect "java"
when 

$latency: Number( longValue > 1 ) from accumulate(
	        ConcernBaseEvent(name == "ERROR_NAME", senderID == "ErrorGenerationSimProbe" ) over window:size( 10 ),
	        average( $latency ) )   	 		
    then
        System.out.println("Failure detected");
end
2023-02-17T14:42:26.865+0100 [grizzly-http-server-1] INFO  it.cnr.isti.labsedc.concern.ConcernApp - 

-----------------------------------------------------
- NEW MONITORING SESSION - ALL COMPONENTS RESTARTED -
-----------------------------------------------------



2023-02-17T14:42:26.866+0100 [grizzly-http-server-1] INFO  it.cnr.isti.labsedc.concern.ConcernApp - Starting components
2023-02-17T14:42:26.869+0100 [grizzly-http-server-1] DEBUG it.cnr.isti.labsedc.concern.ConcernApp - ConcernApp is launching the broker.
2023-02-17T14:42:26.870+0100 [grizzly-http-server-1] INFO  it.cnr.isti.labsedc.concern.broker.ActiveMQBrokerManager - Start SSL Broker
2023-02-17T14:42:26.878+0100 [grizzly-http-server-1] DEBUG it.cnr.isti.labsedc.concern.broker.ActiveMQBrokerManager - Creating TrasportConnector
2023-02-17T14:42:27.100+0100 [grizzly-http-server-1] DEBUG it.cnr.isti.labsedc.concern.broker.ActiveMQBrokerManager - Waiting for broker start
2023-02-17T14:42:27.100+0100 [grizzly-http-server-1] DEBUG it.cnr.isti.labsedc.concern.broker.ActiveMQBrokerManager - broker started
2023-02-17T14:42:27.101+0100 [grizzly-http-server-1] DEBUG it.cnr.isti.labsedc.concern.broker.ActiveMQBrokerManager - Enabling SSL ConnectionFactory
2023-02-17T14:42:27.142+0100 [grizzly-http-server-1] DEBUG it.cnr.isti.labsedc.concern.broker.ActiveMQBrokerManager - Connection sucessfully created
2023-02-17T14:42:27.142+0100 [grizzly-http-server-1] DEBUG it.cnr.isti.labsedc.concern.broker.ActiveMQBrokerManager - Component ActiveMQBrokerManager loaded in registry.
2023-02-17T14:42:27.142+0100 [grizzly-http-server-1] DEBUG it.cnr.isti.labsedc.concern.ConcernApp - ConcernApp broker launched.
2023-02-17T14:42:27.142+0100 [grizzly-http-server-1] INFO  it.cnr.isti.labsedc.concern.ConcernApp - Connecting to ActiveMQ
2023-02-17T14:42:27.142+0100 [grizzly-http-server-1] INFO  it.cnr.isti.labsedc.concern.ConcernApp - Connected to ActiveMQ
2023-02-17T14:42:27.143+0100 [grizzly-http-server-1] DEBUG it.cnr.isti.labsedc.concern.register.ChannelsManagementRegistry - into ChannelsManagementRegistry
2023-02-17T14:42:27.143+0100 [grizzly-http-server-1] DEBUG it.cnr.isti.labsedc.concern.register.ChannelsManagementRegistry - ChannelsManagementRegistry started
2023-02-17T14:42:27.143+0100 [grizzly-http-server-1] DEBUG it.cnr.isti.labsedc.concern.register.ChannelsManagementRegistry - ChannelsManagementRegistry loaded in registry.
2023-02-17T14:42:27.143+0100 [grizzly-http-server-1] DEBUG it.cnr.isti.labsedc.concern.ConcernApp - Channels Management Registry created
2023-02-17T14:42:27.565+0100 [grizzly-http-server-1] INFO  it.cnr.isti.labsedc.concern.cep.DroolsComplexEventProcessorManager - CEP creation 
2023-02-17T14:42:27.584+0100 [Thread-5] INFO  it.cnr.isti.labsedc.concern.cep.DroolsComplexEventProcessorManager - ...CEP named InstanceOne creates a listening channel called: DROOLS-InstanceOne
2023-02-17T14:42:27.807+0100 [Thread-5] INFO  it.cnr.isti.labsedc.concern.cep.DroolsComplexEventProcessorManager - ...CEP named InstanceOne created Session and fires rules /home/acalabro/eclipse-workspace/ConcernMonitoringRest/src/main/resources/startupRule.drl with knowledgePackages: [[Package name=it.cnr.isti.labsedc.concern.event]]
2023-02-17T14:42:34.643+0100 [ActiveMQ Session Task-1] INFO  it.cnr.isti.labsedc.concern.cep.DroolsComplexEventProcessorManager - ...CEP named InstanceOne receives rules //created Feb 17, 2023 - 16:55:32
package it.cnr.isti.labsedc.concern.event;
import it.cnr.isti.labsedc.concern.event.ConcernAbstractEvent;
import it.cnr.isti.labsedc.concern.event.ConcernProbeEvent;
import it.cnr.isti.labsedc.concern.event.ConcernBaseEvent;
import it.cnr.isti.labsedc.concern.utils.KieLauncher;
import it.cnr.isti.labsedc.concern.utils.Calculator;
import it.cnr.isti.labsedc.concern.notification.NotificationManager;

//Check a sequence of events strictly

dialect "java"

declare ConcernBaseEvent
    @role( event )
    @timestamp( timestamp )
    @expires(2m)
end

rule "observe errors in timeframe"
no-loop
salience 10
dialect "java"
when 

Number( longValue > 1 ) from accumulate(
	        $error : ConcernBaseEvent(name == "ERROR_NAME", senderID == "ErrorGenerationSimProbe" ) over window:size( 10 ),
	        average( $error ) )   	 		
    then
        System.out.println("Failure detected");
end
2023-02-17T14:43:43.210+0100 [grizzly-http-server-1] INFO  it.cnr.isti.labsedc.concern.ConcernApp - 

-----------------------------------------------------
- NEW MONITORING SESSION - ALL COMPONENTS RESTARTED -
-----------------------------------------------------



2023-02-17T14:43:43.212+0100 [grizzly-http-server-1] INFO  it.cnr.isti.labsedc.concern.ConcernApp - Starting components
2023-02-17T14:43:43.216+0100 [grizzly-http-server-1] DEBUG it.cnr.isti.labsedc.concern.ConcernApp - ConcernApp is launching the broker.
2023-02-17T14:43:43.216+0100 [grizzly-http-server-1] INFO  it.cnr.isti.labsedc.concern.broker.ActiveMQBrokerManager - Start SSL Broker
2023-02-17T14:43:43.225+0100 [grizzly-http-server-1] DEBUG it.cnr.isti.labsedc.concern.broker.ActiveMQBrokerManager - Creating TrasportConnector
2023-02-17T14:43:43.408+0100 [grizzly-http-server-1] DEBUG it.cnr.isti.labsedc.concern.broker.ActiveMQBrokerManager - Waiting for broker start
2023-02-17T14:43:43.408+0100 [grizzly-http-server-1] DEBUG it.cnr.isti.labsedc.concern.broker.ActiveMQBrokerManager - broker started
2023-02-17T14:43:43.408+0100 [grizzly-http-server-1] DEBUG it.cnr.isti.labsedc.concern.broker.ActiveMQBrokerManager - Enabling SSL ConnectionFactory
2023-02-17T14:43:43.431+0100 [grizzly-http-server-1] DEBUG it.cnr.isti.labsedc.concern.broker.ActiveMQBrokerManager - Connection sucessfully created
2023-02-17T14:43:43.431+0100 [grizzly-http-server-1] DEBUG it.cnr.isti.labsedc.concern.broker.ActiveMQBrokerManager - Component ActiveMQBrokerManager loaded in registry.
2023-02-17T14:43:43.431+0100 [grizzly-http-server-1] DEBUG it.cnr.isti.labsedc.concern.ConcernApp - ConcernApp broker launched.
2023-02-17T14:43:43.431+0100 [grizzly-http-server-1] INFO  it.cnr.isti.labsedc.concern.ConcernApp - Connecting to ActiveMQ
2023-02-17T14:43:43.431+0100 [grizzly-http-server-1] INFO  it.cnr.isti.labsedc.concern.ConcernApp - Connected to ActiveMQ
2023-02-17T14:43:43.432+0100 [grizzly-http-server-1] DEBUG it.cnr.isti.labsedc.concern.register.ChannelsManagementRegistry - into ChannelsManagementRegistry
2023-02-17T14:43:43.432+0100 [grizzly-http-server-1] DEBUG it.cnr.isti.labsedc.concern.register.ChannelsManagementRegistry - ChannelsManagementRegistry started
2023-02-17T14:43:43.432+0100 [grizzly-http-server-1] DEBUG it.cnr.isti.labsedc.concern.register.ChannelsManagementRegistry - ChannelsManagementRegistry loaded in registry.
2023-02-17T14:43:43.432+0100 [grizzly-http-server-1] DEBUG it.cnr.isti.labsedc.concern.ConcernApp - Channels Management Registry created
2023-02-17T14:43:43.836+0100 [grizzly-http-server-1] INFO  it.cnr.isti.labsedc.concern.cep.DroolsComplexEventProcessorManager - CEP creation 
2023-02-17T14:43:43.861+0100 [Thread-5] INFO  it.cnr.isti.labsedc.concern.cep.DroolsComplexEventProcessorManager - ...CEP named InstanceOne creates a listening channel called: DROOLS-InstanceOne
2023-02-17T14:43:44.081+0100 [Thread-5] INFO  it.cnr.isti.labsedc.concern.cep.DroolsComplexEventProcessorManager - ...CEP named InstanceOne created Session and fires rules /home/acalabro/eclipse-workspace/ConcernMonitoringRest/src/main/resources/startupRule.drl with knowledgePackages: [[Package name=it.cnr.isti.labsedc.concern.event]]
2023-02-17T14:43:52.188+0100 [ActiveMQ Session Task-1] INFO  it.cnr.isti.labsedc.concern.cep.DroolsComplexEventProcessorManager - ...CEP named InstanceOne receives rules //created Feb 17, 2023 - 16:55:32
package it.cnr.isti.labsedc.concern.event;
import it.cnr.isti.labsedc.concern.event.ConcernAbstractEvent;
import it.cnr.isti.labsedc.concern.event.ConcernProbeEvent;
import it.cnr.isti.labsedc.concern.event.ConcernBaseEvent;
import it.cnr.isti.labsedc.concern.utils.KieLauncher;
import it.cnr.isti.labsedc.concern.utils.Calculator;
import it.cnr.isti.labsedc.concern.notification.NotificationManager;

//Check a sequence of events strictly

dialect "java"

declare ConcernBaseEvent
    @role( event )
    @timestamp( timestamp )
    @expires(2m)
end

rule "observe errors in timeframe"
no-loop
salience 10
dialect "java"
when 

Number( longValue > 1 ) from accumulate(
	        $error : ConcernBaseEvent(name == "ERROR_NAME", senderID == "ErrorGenerationSimProbe" ) over window:time( 60s ),
	        average( $error ) )   	 		
    then
        System.out.println("Failure detected");
end
2023-02-17T14:43:52.688+0100 [ActiveMQ Session Task-1] INFO  it.cnr.isti.labsedc.concern.cep.DroolsComplexEventProcessorManager - ...CEP named InstanceOne load rules received into the knowledgeBase
2023-02-17T14:43:52.688+0100 [ActiveMQ Session Task-1] INFO  it.cnr.isti.labsedc.concern.cep.DroolsComplexEventProcessorManager - How many rules within package: java.lang 0
2023-02-17T14:43:52.688+0100 [ActiveMQ Session Task-1] INFO  it.cnr.isti.labsedc.concern.cep.DroolsComplexEventProcessorManager - How many rules within package: it.cnr.isti.labsedc.concern.event 1
2023-02-17T14:45:55.316+0100 [grizzly-http-server-1] INFO  it.cnr.isti.labsedc.concern.ConcernApp - 

-----------------------------------------------------
- NEW MONITORING SESSION - ALL COMPONENTS RESTARTED -
-----------------------------------------------------



2023-02-17T14:45:55.317+0100 [grizzly-http-server-1] INFO  it.cnr.isti.labsedc.concern.ConcernApp - Starting components
2023-02-17T14:45:55.320+0100 [grizzly-http-server-1] DEBUG it.cnr.isti.labsedc.concern.ConcernApp - ConcernApp is launching the broker.
2023-02-17T14:45:55.321+0100 [grizzly-http-server-1] INFO  it.cnr.isti.labsedc.concern.broker.ActiveMQBrokerManager - Start SSL Broker
2023-02-17T14:45:55.328+0100 [grizzly-http-server-1] DEBUG it.cnr.isti.labsedc.concern.broker.ActiveMQBrokerManager - Creating TrasportConnector
2023-02-17T14:45:55.477+0100 [grizzly-http-server-1] DEBUG it.cnr.isti.labsedc.concern.broker.ActiveMQBrokerManager - Waiting for broker start
2023-02-17T14:45:55.477+0100 [grizzly-http-server-1] DEBUG it.cnr.isti.labsedc.concern.broker.ActiveMQBrokerManager - broker started
2023-02-17T14:45:55.477+0100 [grizzly-http-server-1] DEBUG it.cnr.isti.labsedc.concern.broker.ActiveMQBrokerManager - Enabling SSL ConnectionFactory
2023-02-17T14:45:55.500+0100 [grizzly-http-server-1] DEBUG it.cnr.isti.labsedc.concern.broker.ActiveMQBrokerManager - Connection sucessfully created
2023-02-17T14:45:55.501+0100 [grizzly-http-server-1] DEBUG it.cnr.isti.labsedc.concern.broker.ActiveMQBrokerManager - Component ActiveMQBrokerManager loaded in registry.
2023-02-17T14:45:55.501+0100 [grizzly-http-server-1] DEBUG it.cnr.isti.labsedc.concern.ConcernApp - ConcernApp broker launched.
2023-02-17T14:45:55.501+0100 [grizzly-http-server-1] INFO  it.cnr.isti.labsedc.concern.ConcernApp - Connecting to ActiveMQ
2023-02-17T14:45:55.501+0100 [grizzly-http-server-1] INFO  it.cnr.isti.labsedc.concern.ConcernApp - Connected to ActiveMQ
2023-02-17T14:45:55.502+0100 [grizzly-http-server-1] DEBUG it.cnr.isti.labsedc.concern.register.ChannelsManagementRegistry - into ChannelsManagementRegistry
2023-02-17T14:45:55.502+0100 [grizzly-http-server-1] DEBUG it.cnr.isti.labsedc.concern.register.ChannelsManagementRegistry - ChannelsManagementRegistry started
2023-02-17T14:45:55.502+0100 [grizzly-http-server-1] DEBUG it.cnr.isti.labsedc.concern.register.ChannelsManagementRegistry - ChannelsManagementRegistry loaded in registry.
2023-02-17T14:45:55.502+0100 [grizzly-http-server-1] DEBUG it.cnr.isti.labsedc.concern.ConcernApp - Channels Management Registry created
2023-02-17T14:45:55.869+0100 [grizzly-http-server-1] INFO  it.cnr.isti.labsedc.concern.cep.DroolsComplexEventProcessorManager - CEP creation 
2023-02-17T14:45:55.887+0100 [Thread-5] INFO  it.cnr.isti.labsedc.concern.cep.DroolsComplexEventProcessorManager - ...CEP named InstanceOne creates a listening channel called: DROOLS-InstanceOne
2023-02-17T14:45:56.081+0100 [Thread-5] INFO  it.cnr.isti.labsedc.concern.cep.DroolsComplexEventProcessorManager - ...CEP named InstanceOne created Session and fires rules /home/acalabro/eclipse-workspace/ConcernMonitoringRest/src/main/resources/startupRule.drl with knowledgePackages: [[Package name=it.cnr.isti.labsedc.concern.event]]
2023-02-17T14:46:04.366+0100 [ActiveMQ Session Task-1] INFO  it.cnr.isti.labsedc.concern.cep.DroolsComplexEventProcessorManager - ...CEP named InstanceOne receives rules //created Feb 17, 2023 - 16:55:32
package it.cnr.isti.labsedc.concern.event;
import it.cnr.isti.labsedc.concern.event.ConcernAbstractEvent;
import it.cnr.isti.labsedc.concern.event.ConcernProbeEvent;
import it.cnr.isti.labsedc.concern.event.ConcernBaseEvent;
import it.cnr.isti.labsedc.concern.utils.KieLauncher;
import it.cnr.isti.labsedc.concern.utils.Calculator;
import it.cnr.isti.labsedc.concern.notification.NotificationManager;

//Check a sequence of events strictly

dialect "java"

declare ConcernBaseEvent
    @role( event )
    @timestamp( timestamp )
    @expires(2m)
end

rule "observe errors in timeframe"
no-loop
salience 10
dialect "java"
when 

Number( longValue > 1 ) from accumulate(
	        $error : ConcernBaseEvent(name == "ERROR_NAME", senderID == "ErrorGenerationSimProbe" ) over window:time( 60s ),
	        average( $error ) )   	 		
    then
	NotificationManager.NotifyToConsumer($aEvent.getSenderID(), "Error - More than one failure event in timeframe event - Rule fired:" + drools.getRule().getName());	
end
2023-02-17T14:46:48.808+0100 [ActiveMQ Session Task-2] INFO  it.cnr.isti.labsedc.concern.cep.DroolsComplexEventProcessorManager - ...CEP named InstanceOne receives rules //created Feb 17, 2023 - 16:55:32
package it.cnr.isti.labsedc.concern.event;
import it.cnr.isti.labsedc.concern.event.ConcernAbstractEvent;
import it.cnr.isti.labsedc.concern.event.ConcernProbeEvent;
import it.cnr.isti.labsedc.concern.event.ConcernBaseEvent;
import it.cnr.isti.labsedc.concern.utils.KieLauncher;
import it.cnr.isti.labsedc.concern.utils.Calculator;
import it.cnr.isti.labsedc.concern.notification.NotificationManager;

//Check a sequence of events strictly

dialect "java"

declare ConcernBaseEvent
    @role( event )
    @timestamp( timestamp )
    @expires(2m)
end

rule "observe errors in timeframe"
no-loop
salience 10
dialect "java"
when 

Number( longValue > 1 ) from accumulate(
	        $error : ConcernBaseEvent(name == "ERROR_NAME", senderID == "ErrorGenerationSimProbe" ) over window:time( 60s ),
	        average( $error ) )   	 		
    then
	NotificationManager.NotifyToConsumer($error.getSenderID(), "Error - More than one failure event in timeframe event - Rule fired:" + drools.getRule().getName());	
end
2023-02-17T14:47:07.865+0100 [grizzly-http-server-1] INFO  it.cnr.isti.labsedc.concern.ConcernApp - 

-----------------------------------------------------
- NEW MONITORING SESSION - ALL COMPONENTS RESTARTED -
-----------------------------------------------------



2023-02-17T14:47:07.867+0100 [grizzly-http-server-1] INFO  it.cnr.isti.labsedc.concern.ConcernApp - Starting components
2023-02-17T14:47:07.870+0100 [grizzly-http-server-1] DEBUG it.cnr.isti.labsedc.concern.ConcernApp - ConcernApp is launching the broker.
2023-02-17T14:47:07.870+0100 [grizzly-http-server-1] INFO  it.cnr.isti.labsedc.concern.broker.ActiveMQBrokerManager - Start SSL Broker
2023-02-17T14:47:07.878+0100 [grizzly-http-server-1] DEBUG it.cnr.isti.labsedc.concern.broker.ActiveMQBrokerManager - Creating TrasportConnector
2023-02-17T14:47:08.026+0100 [grizzly-http-server-1] DEBUG it.cnr.isti.labsedc.concern.broker.ActiveMQBrokerManager - Waiting for broker start
2023-02-17T14:47:08.027+0100 [grizzly-http-server-1] DEBUG it.cnr.isti.labsedc.concern.broker.ActiveMQBrokerManager - broker started
2023-02-17T14:47:08.027+0100 [grizzly-http-server-1] DEBUG it.cnr.isti.labsedc.concern.broker.ActiveMQBrokerManager - Enabling SSL ConnectionFactory
2023-02-17T14:47:08.050+0100 [grizzly-http-server-1] DEBUG it.cnr.isti.labsedc.concern.broker.ActiveMQBrokerManager - Connection sucessfully created
2023-02-17T14:47:08.050+0100 [grizzly-http-server-1] DEBUG it.cnr.isti.labsedc.concern.broker.ActiveMQBrokerManager - Component ActiveMQBrokerManager loaded in registry.
2023-02-17T14:47:08.050+0100 [grizzly-http-server-1] DEBUG it.cnr.isti.labsedc.concern.ConcernApp - ConcernApp broker launched.
2023-02-17T14:47:08.050+0100 [grizzly-http-server-1] INFO  it.cnr.isti.labsedc.concern.ConcernApp - Connecting to ActiveMQ
2023-02-17T14:47:08.051+0100 [grizzly-http-server-1] INFO  it.cnr.isti.labsedc.concern.ConcernApp - Connected to ActiveMQ
2023-02-17T14:47:08.051+0100 [grizzly-http-server-1] DEBUG it.cnr.isti.labsedc.concern.register.ChannelsManagementRegistry - into ChannelsManagementRegistry
2023-02-17T14:47:08.051+0100 [grizzly-http-server-1] DEBUG it.cnr.isti.labsedc.concern.register.ChannelsManagementRegistry - ChannelsManagementRegistry started
2023-02-17T14:47:08.051+0100 [grizzly-http-server-1] DEBUG it.cnr.isti.labsedc.concern.register.ChannelsManagementRegistry - ChannelsManagementRegistry loaded in registry.
2023-02-17T14:47:08.051+0100 [grizzly-http-server-1] DEBUG it.cnr.isti.labsedc.concern.ConcernApp - Channels Management Registry created
2023-02-17T14:47:08.446+0100 [grizzly-http-server-1] INFO  it.cnr.isti.labsedc.concern.cep.DroolsComplexEventProcessorManager - CEP creation 
2023-02-17T14:47:08.468+0100 [Thread-5] INFO  it.cnr.isti.labsedc.concern.cep.DroolsComplexEventProcessorManager - ...CEP named InstanceOne creates a listening channel called: DROOLS-InstanceOne
2023-02-17T14:47:08.689+0100 [Thread-5] INFO  it.cnr.isti.labsedc.concern.cep.DroolsComplexEventProcessorManager - ...CEP named InstanceOne created Session and fires rules /home/acalabro/eclipse-workspace/ConcernMonitoringRest/src/main/resources/startupRule.drl with knowledgePackages: [[Package name=it.cnr.isti.labsedc.concern.event]]
2023-02-17T14:47:13.532+0100 [ActiveMQ Session Task-1] INFO  it.cnr.isti.labsedc.concern.cep.DroolsComplexEventProcessorManager - ...CEP named InstanceOne receives rules //created Feb 17, 2023 - 16:55:32
package it.cnr.isti.labsedc.concern.event;
import it.cnr.isti.labsedc.concern.event.ConcernAbstractEvent;
import it.cnr.isti.labsedc.concern.event.ConcernProbeEvent;
import it.cnr.isti.labsedc.concern.event.ConcernBaseEvent;
import it.cnr.isti.labsedc.concern.utils.KieLauncher;
import it.cnr.isti.labsedc.concern.utils.Calculator;
import it.cnr.isti.labsedc.concern.notification.NotificationManager;

//Check a sequence of events strictly

dialect "java"

declare ConcernBaseEvent
    @role( event )
    @timestamp( timestamp )
    @expires(2m)
end

rule "observe errors in timeframe"
no-loop
salience 10
dialect "java"
when 

Number( longValue > 1 ) from accumulate(
	        $error : ConcernBaseEvent(name == "ERROR_NAME", senderID == "ErrorGenerationSimProbe" ) over window:time( 60s ),
	        average( $error ) )   	 		
    then
	NotificationManager.NotifyToConsumer($error.getSenderID(), "Error - More than one failure event in timeframe event - Rule fired:" + drools.getRule().getName());	
end
2023-02-17T14:47:52.300+0100 [ActiveMQ Session Task-2] INFO  it.cnr.isti.labsedc.concern.cep.DroolsComplexEventProcessorManager - ...CEP named InstanceOne receives rules //created Feb 17, 2023 - 16:55:32
package it.cnr.isti.labsedc.concern.event;
import it.cnr.isti.labsedc.concern.event.ConcernAbstractEvent;
import it.cnr.isti.labsedc.concern.event.ConcernProbeEvent;
import it.cnr.isti.labsedc.concern.event.ConcernBaseEvent;
import it.cnr.isti.labsedc.concern.utils.KieLauncher;
import it.cnr.isti.labsedc.concern.utils.Calculator;
import it.cnr.isti.labsedc.concern.notification.NotificationManager;

//Check a sequence of events strictly

dialect "java"

declare ConcernBaseEvent
    @role( event )
    @timestamp( timestamp )
    @expires(2m)
end

rule "observe errors in timeframe"
no-loop
salience 10
dialect "java"
when 

Number( longValue > 1 ) from accumulate(
	        $error : ConcernBaseEvent(name == "ERROR_NAME", senderID == "ErrorGenerationSimProbe" ) over window:time( 60s ),
	        average( $error ) )   	 		
    then
	NotificationManager.NotifyToConsumer("ErrorGenerationSimProbe", "Error - More than one failure event in timeframe event - Rule fired:" + drools.getRule().getName());	
end
2023-02-17T14:48:30.748+0100 [grizzly-http-server-1] INFO  it.cnr.isti.labsedc.concern.ConcernApp - 

-----------------------------------------------------
- NEW MONITORING SESSION - ALL COMPONENTS RESTARTED -
-----------------------------------------------------



2023-02-17T14:48:30.749+0100 [grizzly-http-server-1] INFO  it.cnr.isti.labsedc.concern.ConcernApp - Starting components
2023-02-17T14:48:30.752+0100 [grizzly-http-server-1] DEBUG it.cnr.isti.labsedc.concern.ConcernApp - ConcernApp is launching the broker.
2023-02-17T14:48:30.752+0100 [grizzly-http-server-1] INFO  it.cnr.isti.labsedc.concern.broker.ActiveMQBrokerManager - Start SSL Broker
2023-02-17T14:48:30.761+0100 [grizzly-http-server-1] DEBUG it.cnr.isti.labsedc.concern.broker.ActiveMQBrokerManager - Creating TrasportConnector
2023-02-17T14:48:30.908+0100 [grizzly-http-server-1] DEBUG it.cnr.isti.labsedc.concern.broker.ActiveMQBrokerManager - Waiting for broker start
2023-02-17T14:48:30.908+0100 [grizzly-http-server-1] DEBUG it.cnr.isti.labsedc.concern.broker.ActiveMQBrokerManager - broker started
2023-02-17T14:48:30.908+0100 [grizzly-http-server-1] DEBUG it.cnr.isti.labsedc.concern.broker.ActiveMQBrokerManager - Enabling SSL ConnectionFactory
2023-02-17T14:48:30.931+0100 [grizzly-http-server-1] DEBUG it.cnr.isti.labsedc.concern.broker.ActiveMQBrokerManager - Connection sucessfully created
2023-02-17T14:48:30.932+0100 [grizzly-http-server-1] DEBUG it.cnr.isti.labsedc.concern.broker.ActiveMQBrokerManager - Component ActiveMQBrokerManager loaded in registry.
2023-02-17T14:48:30.932+0100 [grizzly-http-server-1] DEBUG it.cnr.isti.labsedc.concern.ConcernApp - ConcernApp broker launched.
2023-02-17T14:48:30.932+0100 [grizzly-http-server-1] INFO  it.cnr.isti.labsedc.concern.ConcernApp - Connecting to ActiveMQ
2023-02-17T14:48:30.932+0100 [grizzly-http-server-1] INFO  it.cnr.isti.labsedc.concern.ConcernApp - Connected to ActiveMQ
2023-02-17T14:48:30.933+0100 [grizzly-http-server-1] DEBUG it.cnr.isti.labsedc.concern.register.ChannelsManagementRegistry - into ChannelsManagementRegistry
2023-02-17T14:48:30.933+0100 [grizzly-http-server-1] DEBUG it.cnr.isti.labsedc.concern.register.ChannelsManagementRegistry - ChannelsManagementRegistry started
2023-02-17T14:48:30.933+0100 [grizzly-http-server-1] DEBUG it.cnr.isti.labsedc.concern.register.ChannelsManagementRegistry - ChannelsManagementRegistry loaded in registry.
2023-02-17T14:48:30.933+0100 [grizzly-http-server-1] DEBUG it.cnr.isti.labsedc.concern.ConcernApp - Channels Management Registry created
2023-02-17T14:48:31.308+0100 [grizzly-http-server-1] INFO  it.cnr.isti.labsedc.concern.cep.DroolsComplexEventProcessorManager - CEP creation 
2023-02-17T14:48:31.330+0100 [Thread-5] INFO  it.cnr.isti.labsedc.concern.cep.DroolsComplexEventProcessorManager - ...CEP named InstanceOne creates a listening channel called: DROOLS-InstanceOne
2023-02-17T14:48:31.559+0100 [Thread-5] INFO  it.cnr.isti.labsedc.concern.cep.DroolsComplexEventProcessorManager - ...CEP named InstanceOne created Session and fires rules /home/acalabro/eclipse-workspace/ConcernMonitoringRest/src/main/resources/startupRule.drl with knowledgePackages: [[Package name=it.cnr.isti.labsedc.concern.event]]
2023-02-17T14:48:37.183+0100 [ActiveMQ Session Task-1] INFO  it.cnr.isti.labsedc.concern.cep.DroolsComplexEventProcessorManager - ...CEP named InstanceOne receives rules //created Feb 17, 2023 - 16:55:32
package it.cnr.isti.labsedc.concern.event;
import it.cnr.isti.labsedc.concern.event.ConcernAbstractEvent;
import it.cnr.isti.labsedc.concern.event.ConcernProbeEvent;
import it.cnr.isti.labsedc.concern.event.ConcernBaseEvent;
import it.cnr.isti.labsedc.concern.utils.KieLauncher;
import it.cnr.isti.labsedc.concern.utils.Calculator;
import it.cnr.isti.labsedc.concern.notification.NotificationManager;

//Check a sequence of events strictly

dialect "java"

declare ConcernBaseEvent
    @role( event )
    @timestamp( timestamp )
    @expires(2m)
end

rule "observe errors in timeframe"
no-loop
salience 10
dialect "java"
when 

Number( longValue > 1 ) from accumulate(
	        $error : ConcernBaseEvent(name == "ERROR_NAME", senderID == "ErrorGenerationSimProbe" ) over window:time( 60s ),
	        average( $error ) )   	 		
    then
	NotificationManager.NotifyToConsumer("ErrorGenerationSimProbe", "Error - More than one failure event in timeframe event - Rule fired:" + drools.getRule().getName());	
end
2023-02-17T14:48:37.665+0100 [ActiveMQ Session Task-1] INFO  it.cnr.isti.labsedc.concern.cep.DroolsComplexEventProcessorManager - ...CEP named InstanceOne load rules received into the knowledgeBase
2023-02-17T14:48:37.665+0100 [ActiveMQ Session Task-1] INFO  it.cnr.isti.labsedc.concern.cep.DroolsComplexEventProcessorManager - How many rules within package: java.lang 0
2023-02-17T14:48:37.666+0100 [ActiveMQ Session Task-1] INFO  it.cnr.isti.labsedc.concern.cep.DroolsComplexEventProcessorManager - How many rules within package: it.cnr.isti.labsedc.concern.event 1
2023-02-17T14:49:14.156+0100 [ActiveMQ Session Task-2] INFO  it.cnr.isti.labsedc.concern.cep.DroolsComplexEventProcessorManager - ...CEP named InstanceOne received an event of type:
it.cnr.isti.labsedc.concern.event.ConcernBaseEvent in the stream, sent from ErrorGenerationSimProbe
2023-02-17T14:49:14.178+0100 [ActiveMQ Session Task-2] INFO  it.cnr.isti.labsedc.concern.cep.DroolsComplexEventProcessorManager - with data:
Name: ERROR_NAME
Destination: Monitoring
Data: ERROR_PAYLOAD
SenderID: ErrorGenerationSimProbe
Timestamp: 1676641754135
SessionID: sessionID
Checksum: noChecksum
CepType: DROOLS
2023-02-17T14:50:14.354+0100 [grizzly-http-server-1] INFO  it.cnr.isti.labsedc.concern.ConcernApp - 

-----------------------------------------------------
- NEW MONITORING SESSION - ALL COMPONENTS RESTARTED -
-----------------------------------------------------



2023-02-17T14:50:14.355+0100 [grizzly-http-server-1] INFO  it.cnr.isti.labsedc.concern.ConcernApp - Starting components
2023-02-17T14:50:14.358+0100 [grizzly-http-server-1] DEBUG it.cnr.isti.labsedc.concern.ConcernApp - ConcernApp is launching the broker.
2023-02-17T14:50:14.358+0100 [grizzly-http-server-1] INFO  it.cnr.isti.labsedc.concern.broker.ActiveMQBrokerManager - Start SSL Broker
2023-02-17T14:50:14.365+0100 [grizzly-http-server-1] DEBUG it.cnr.isti.labsedc.concern.broker.ActiveMQBrokerManager - Creating TrasportConnector
2023-02-17T14:50:14.543+0100 [grizzly-http-server-1] DEBUG it.cnr.isti.labsedc.concern.broker.ActiveMQBrokerManager - Waiting for broker start
2023-02-17T14:50:14.543+0100 [grizzly-http-server-1] DEBUG it.cnr.isti.labsedc.concern.broker.ActiveMQBrokerManager - broker started
2023-02-17T14:50:14.544+0100 [grizzly-http-server-1] DEBUG it.cnr.isti.labsedc.concern.broker.ActiveMQBrokerManager - Enabling SSL ConnectionFactory
2023-02-17T14:50:14.570+0100 [grizzly-http-server-1] DEBUG it.cnr.isti.labsedc.concern.broker.ActiveMQBrokerManager - Connection sucessfully created
2023-02-17T14:50:14.570+0100 [grizzly-http-server-1] DEBUG it.cnr.isti.labsedc.concern.broker.ActiveMQBrokerManager - Component ActiveMQBrokerManager loaded in registry.
2023-02-17T14:50:14.570+0100 [grizzly-http-server-1] DEBUG it.cnr.isti.labsedc.concern.ConcernApp - ConcernApp broker launched.
2023-02-17T14:50:14.571+0100 [grizzly-http-server-1] INFO  it.cnr.isti.labsedc.concern.ConcernApp - Connecting to ActiveMQ
2023-02-17T14:50:14.571+0100 [grizzly-http-server-1] INFO  it.cnr.isti.labsedc.concern.ConcernApp - Connected to ActiveMQ
2023-02-17T14:50:14.571+0100 [grizzly-http-server-1] DEBUG it.cnr.isti.labsedc.concern.register.ChannelsManagementRegistry - into ChannelsManagementRegistry
2023-02-17T14:50:14.571+0100 [grizzly-http-server-1] DEBUG it.cnr.isti.labsedc.concern.register.ChannelsManagementRegistry - ChannelsManagementRegistry started
2023-02-17T14:50:14.572+0100 [grizzly-http-server-1] DEBUG it.cnr.isti.labsedc.concern.register.ChannelsManagementRegistry - ChannelsManagementRegistry loaded in registry.
2023-02-17T14:50:14.572+0100 [grizzly-http-server-1] DEBUG it.cnr.isti.labsedc.concern.ConcernApp - Channels Management Registry created
2023-02-17T14:50:15.030+0100 [grizzly-http-server-1] INFO  it.cnr.isti.labsedc.concern.cep.DroolsComplexEventProcessorManager - CEP creation 
2023-02-17T14:50:15.058+0100 [Thread-5] INFO  it.cnr.isti.labsedc.concern.cep.DroolsComplexEventProcessorManager - ...CEP named InstanceOne creates a listening channel called: DROOLS-InstanceOne
2023-02-17T14:50:15.277+0100 [Thread-5] INFO  it.cnr.isti.labsedc.concern.cep.DroolsComplexEventProcessorManager - ...CEP named InstanceOne created Session and fires rules /home/acalabro/eclipse-workspace/ConcernMonitoringRest/src/main/resources/startupRule.drl with knowledgePackages: [[Package name=it.cnr.isti.labsedc.concern.event]]
2023-02-17T14:50:19.424+0100 [ActiveMQ Session Task-1] INFO  it.cnr.isti.labsedc.concern.cep.DroolsComplexEventProcessorManager - ...CEP named InstanceOne receives rules //created Feb 17, 2023 - 16:55:32
package it.cnr.isti.labsedc.concern.event;
import it.cnr.isti.labsedc.concern.event.ConcernAbstractEvent;
import it.cnr.isti.labsedc.concern.event.ConcernProbeEvent;
import it.cnr.isti.labsedc.concern.event.ConcernBaseEvent;
import it.cnr.isti.labsedc.concern.utils.KieLauncher;
import it.cnr.isti.labsedc.concern.utils.Calculator;
import it.cnr.isti.labsedc.concern.notification.NotificationManager;

//Check a sequence of events strictly

dialect "java"

declare ConcernBaseEvent
    @role( event )
    @timestamp( timestamp )
    @expires(2m)
end

rule "observe errors in timeframe"
no-loop
salience 10
dialect "java"
when 

Number( longValue > 1 ) from accumulate(
	        $ConcernBaseEvent(name == "ERROR_NAME", senderID == "ErrorGenerationSimProbe" ) over window:time( 60s ),
	        count() )   	 		
    then
	NotificationManager.NotifyToConsumer("ErrorGenerationSimProbe", "Error - More than one failure event in timeframe event - Rule fired:" + drools.getRule().getName());	
end
2023-02-17T14:51:31.524+0100 [grizzly-http-server-1] INFO  it.cnr.isti.labsedc.concern.ConcernApp - 

-----------------------------------------------------
- NEW MONITORING SESSION - ALL COMPONENTS RESTARTED -
-----------------------------------------------------



2023-02-17T14:51:31.525+0100 [grizzly-http-server-1] INFO  it.cnr.isti.labsedc.concern.ConcernApp - Starting components
2023-02-17T14:51:31.528+0100 [grizzly-http-server-1] DEBUG it.cnr.isti.labsedc.concern.ConcernApp - ConcernApp is launching the broker.
2023-02-17T14:51:31.529+0100 [grizzly-http-server-1] INFO  it.cnr.isti.labsedc.concern.broker.ActiveMQBrokerManager - Start SSL Broker
2023-02-17T14:51:31.537+0100 [grizzly-http-server-1] DEBUG it.cnr.isti.labsedc.concern.broker.ActiveMQBrokerManager - Creating TrasportConnector
2023-02-17T14:51:31.687+0100 [grizzly-http-server-1] DEBUG it.cnr.isti.labsedc.concern.broker.ActiveMQBrokerManager - Waiting for broker start
2023-02-17T14:51:31.687+0100 [grizzly-http-server-1] DEBUG it.cnr.isti.labsedc.concern.broker.ActiveMQBrokerManager - broker started
2023-02-17T14:51:31.687+0100 [grizzly-http-server-1] DEBUG it.cnr.isti.labsedc.concern.broker.ActiveMQBrokerManager - Enabling SSL ConnectionFactory
2023-02-17T14:51:31.711+0100 [grizzly-http-server-1] DEBUG it.cnr.isti.labsedc.concern.broker.ActiveMQBrokerManager - Connection sucessfully created
2023-02-17T14:51:31.711+0100 [grizzly-http-server-1] DEBUG it.cnr.isti.labsedc.concern.broker.ActiveMQBrokerManager - Component ActiveMQBrokerManager loaded in registry.
2023-02-17T14:51:31.712+0100 [grizzly-http-server-1] DEBUG it.cnr.isti.labsedc.concern.ConcernApp - ConcernApp broker launched.
2023-02-17T14:51:31.712+0100 [grizzly-http-server-1] INFO  it.cnr.isti.labsedc.concern.ConcernApp - Connecting to ActiveMQ
2023-02-17T14:51:31.712+0100 [grizzly-http-server-1] INFO  it.cnr.isti.labsedc.concern.ConcernApp - Connected to ActiveMQ
2023-02-17T14:51:31.713+0100 [grizzly-http-server-1] DEBUG it.cnr.isti.labsedc.concern.register.ChannelsManagementRegistry - into ChannelsManagementRegistry
2023-02-17T14:51:31.713+0100 [grizzly-http-server-1] DEBUG it.cnr.isti.labsedc.concern.register.ChannelsManagementRegistry - ChannelsManagementRegistry started
2023-02-17T14:51:31.713+0100 [grizzly-http-server-1] DEBUG it.cnr.isti.labsedc.concern.register.ChannelsManagementRegistry - ChannelsManagementRegistry loaded in registry.
2023-02-17T14:51:31.713+0100 [grizzly-http-server-1] DEBUG it.cnr.isti.labsedc.concern.ConcernApp - Channels Management Registry created
2023-02-17T14:51:32.163+0100 [grizzly-http-server-1] INFO  it.cnr.isti.labsedc.concern.cep.DroolsComplexEventProcessorManager - CEP creation 
2023-02-17T14:51:32.191+0100 [Thread-5] INFO  it.cnr.isti.labsedc.concern.cep.DroolsComplexEventProcessorManager - ...CEP named InstanceOne creates a listening channel called: DROOLS-InstanceOne
2023-02-17T14:51:32.424+0100 [Thread-5] INFO  it.cnr.isti.labsedc.concern.cep.DroolsComplexEventProcessorManager - ...CEP named InstanceOne created Session and fires rules /home/acalabro/eclipse-workspace/ConcernMonitoringRest/src/main/resources/startupRule.drl with knowledgePackages: [[Package name=it.cnr.isti.labsedc.concern.event]]
2023-02-17T14:51:38.367+0100 [ActiveMQ Session Task-1] INFO  it.cnr.isti.labsedc.concern.cep.DroolsComplexEventProcessorManager - ...CEP named InstanceOne receives rules //created Feb 17, 2023 - 16:55:32
package it.cnr.isti.labsedc.concern.event;
import it.cnr.isti.labsedc.concern.event.ConcernAbstractEvent;
import it.cnr.isti.labsedc.concern.event.ConcernProbeEvent;
import it.cnr.isti.labsedc.concern.event.ConcernBaseEvent;
import it.cnr.isti.labsedc.concern.utils.KieLauncher;
import it.cnr.isti.labsedc.concern.utils.Calculator;
import it.cnr.isti.labsedc.concern.notification.NotificationManager;

//Check a sequence of events strictly

dialect "java"

declare ConcernBaseEvent
    @role( event )
    @timestamp( timestamp )
    @expires(2m)
end

rule "observe errors in timeframe"
no-loop
salience 10
dialect "java"
when 

Number( longValue > 1 ) from accumulate(
	        $ConcernBaseEvent(name == "ERROR_NAME", senderID == "ErrorGenerationSimProbe" ) over window:time( 60s ),
	        count(1) )   	 		
    then
	NotificationManager.NotifyToConsumer("ErrorGenerationSimProbe", "Error - More than one failure event in timeframe event - Rule fired:" + drools.getRule().getName());	
end
2023-02-17T14:52:00.529+0100 [ActiveMQ Session Task-1] INFO  it.cnr.isti.labsedc.concern.cep.DroolsComplexEventProcessorManager - ...CEP named InstanceOne receives rules //created Feb 17, 2023 - 16:55:32
package it.cnr.isti.labsedc.concern.event;
import it.cnr.isti.labsedc.concern.event.ConcernAbstractEvent;
import it.cnr.isti.labsedc.concern.event.ConcernProbeEvent;
import it.cnr.isti.labsedc.concern.event.ConcernBaseEvent;
import it.cnr.isti.labsedc.concern.utils.KieLauncher;
import it.cnr.isti.labsedc.concern.utils.Calculator;
import it.cnr.isti.labsedc.concern.notification.NotificationManager;

//Check a sequence of events strictly

dialect "java"

declare ConcernBaseEvent
    @role( event )
    @timestamp( timestamp )
    @expires(2m)
end

rule "observe errors in timeframe"
no-loop
salience 10
dialect "java"
when 

Number( longValue > 1 ) from accumulate(
	        ConcernBaseEvent(name == "ERROR_NAME", senderID == "ErrorGenerationSimProbe" ) over window:time( 60s ),
	        count(1) )   	 		
    then
	NotificationManager.NotifyToConsumer("ErrorGenerationSimProbe", "Error - More than one failure event in timeframe event - Rule fired:" + drools.getRule().getName());	
end
2023-02-17T14:52:17.834+0100 [grizzly-http-server-1] INFO  it.cnr.isti.labsedc.concern.ConcernApp - 

-----------------------------------------------------
- NEW MONITORING SESSION - ALL COMPONENTS RESTARTED -
-----------------------------------------------------



2023-02-17T14:52:17.835+0100 [grizzly-http-server-1] INFO  it.cnr.isti.labsedc.concern.ConcernApp - Starting components
2023-02-17T14:52:17.838+0100 [grizzly-http-server-1] DEBUG it.cnr.isti.labsedc.concern.ConcernApp - ConcernApp is launching the broker.
2023-02-17T14:52:17.838+0100 [grizzly-http-server-1] INFO  it.cnr.isti.labsedc.concern.broker.ActiveMQBrokerManager - Start SSL Broker
2023-02-17T14:52:17.846+0100 [grizzly-http-server-1] DEBUG it.cnr.isti.labsedc.concern.broker.ActiveMQBrokerManager - Creating TrasportConnector
2023-02-17T14:52:18.024+0100 [grizzly-http-server-1] DEBUG it.cnr.isti.labsedc.concern.broker.ActiveMQBrokerManager - Waiting for broker start
2023-02-17T14:52:18.024+0100 [grizzly-http-server-1] DEBUG it.cnr.isti.labsedc.concern.broker.ActiveMQBrokerManager - broker started
2023-02-17T14:52:18.024+0100 [grizzly-http-server-1] DEBUG it.cnr.isti.labsedc.concern.broker.ActiveMQBrokerManager - Enabling SSL ConnectionFactory
2023-02-17T14:52:18.047+0100 [grizzly-http-server-1] DEBUG it.cnr.isti.labsedc.concern.broker.ActiveMQBrokerManager - Connection sucessfully created
2023-02-17T14:52:18.048+0100 [grizzly-http-server-1] DEBUG it.cnr.isti.labsedc.concern.broker.ActiveMQBrokerManager - Component ActiveMQBrokerManager loaded in registry.
2023-02-17T14:52:18.048+0100 [grizzly-http-server-1] DEBUG it.cnr.isti.labsedc.concern.ConcernApp - ConcernApp broker launched.
2023-02-17T14:52:18.048+0100 [grizzly-http-server-1] INFO  it.cnr.isti.labsedc.concern.ConcernApp - Connecting to ActiveMQ
2023-02-17T14:52:18.048+0100 [grizzly-http-server-1] INFO  it.cnr.isti.labsedc.concern.ConcernApp - Connected to ActiveMQ
2023-02-17T14:52:18.049+0100 [grizzly-http-server-1] DEBUG it.cnr.isti.labsedc.concern.register.ChannelsManagementRegistry - into ChannelsManagementRegistry
2023-02-17T14:52:18.049+0100 [grizzly-http-server-1] DEBUG it.cnr.isti.labsedc.concern.register.ChannelsManagementRegistry - ChannelsManagementRegistry started
2023-02-17T14:52:18.049+0100 [grizzly-http-server-1] DEBUG it.cnr.isti.labsedc.concern.register.ChannelsManagementRegistry - ChannelsManagementRegistry loaded in registry.
2023-02-17T14:52:18.049+0100 [grizzly-http-server-1] DEBUG it.cnr.isti.labsedc.concern.ConcernApp - Channels Management Registry created
2023-02-17T14:52:18.561+0100 [grizzly-http-server-1] INFO  it.cnr.isti.labsedc.concern.cep.DroolsComplexEventProcessorManager - CEP creation 
2023-02-17T14:52:18.586+0100 [Thread-5] INFO  it.cnr.isti.labsedc.concern.cep.DroolsComplexEventProcessorManager - ...CEP named InstanceOne creates a listening channel called: DROOLS-InstanceOne
2023-02-17T14:52:18.784+0100 [Thread-5] INFO  it.cnr.isti.labsedc.concern.cep.DroolsComplexEventProcessorManager - ...CEP named InstanceOne created Session and fires rules /home/acalabro/eclipse-workspace/ConcernMonitoringRest/src/main/resources/startupRule.drl with knowledgePackages: [[Package name=it.cnr.isti.labsedc.concern.event]]
2023-02-17T14:52:23.303+0100 [ActiveMQ Session Task-1] INFO  it.cnr.isti.labsedc.concern.cep.DroolsComplexEventProcessorManager - ...CEP named InstanceOne receives rules //created Feb 17, 2023 - 16:55:32
package it.cnr.isti.labsedc.concern.event;
import it.cnr.isti.labsedc.concern.event.ConcernAbstractEvent;
import it.cnr.isti.labsedc.concern.event.ConcernProbeEvent;
import it.cnr.isti.labsedc.concern.event.ConcernBaseEvent;
import it.cnr.isti.labsedc.concern.utils.KieLauncher;
import it.cnr.isti.labsedc.concern.utils.Calculator;
import it.cnr.isti.labsedc.concern.notification.NotificationManager;

//Check a sequence of events strictly

dialect "java"

declare ConcernBaseEvent
    @role( event )
    @timestamp( timestamp )
    @expires(2m)
end

rule "observe errors in timeframe"
no-loop
salience 10
dialect "java"
when 

Number( longValue > 1 ) from accumulate(
	        ConcernBaseEvent(name == "ERROR_NAME", senderID == "ErrorGenerationSimProbe" ) over window:time( 60s ),
	        count(1) )   	 		
    then
	NotificationManager.NotifyToConsumer("ErrorGenerationSimProbe", "Error - More than one failure event in timeframe event - Rule fired:" + drools.getRule().getName());	
end
2023-02-17T14:52:23.760+0100 [ActiveMQ Session Task-1] INFO  it.cnr.isti.labsedc.concern.cep.DroolsComplexEventProcessorManager - ...CEP named InstanceOne load rules received into the knowledgeBase
2023-02-17T14:52:23.761+0100 [ActiveMQ Session Task-1] INFO  it.cnr.isti.labsedc.concern.cep.DroolsComplexEventProcessorManager - How many rules within package: java.lang 0
2023-02-17T14:52:23.761+0100 [ActiveMQ Session Task-1] INFO  it.cnr.isti.labsedc.concern.cep.DroolsComplexEventProcessorManager - How many rules within package: it.cnr.isti.labsedc.concern.event 1
2023-02-17T14:52:35.670+0100 [ActiveMQ Session Task-1] INFO  it.cnr.isti.labsedc.concern.cep.DroolsComplexEventProcessorManager - ...CEP named InstanceOne received an event of type:
it.cnr.isti.labsedc.concern.event.ConcernBaseEvent in the stream, sent from ErrorGenerationSimProbe
2023-02-17T14:52:35.685+0100 [ActiveMQ Session Task-1] INFO  it.cnr.isti.labsedc.concern.cep.DroolsComplexEventProcessorManager - with data:
Name: ERROR_NAME
Destination: Monitoring
Data: ERROR_PAYLOAD
SenderID: ErrorGenerationSimProbe
Timestamp: 1676641955650
SessionID: sessionID
Checksum: noChecksum
CepType: DROOLS
2023-02-17T14:52:40.991+0100 [ActiveMQ Session Task-1] INFO  it.cnr.isti.labsedc.concern.cep.DroolsComplexEventProcessorManager - ...CEP named InstanceOne received an event of type:
it.cnr.isti.labsedc.concern.event.ConcernBaseEvent in the stream, sent from ErrorGenerationSimProbe
2023-02-17T14:52:40.997+0100 [ActiveMQ Session Task-1] INFO  it.cnr.isti.labsedc.concern.cep.DroolsComplexEventProcessorManager - with data:
Name: ERROR_NAME
Destination: Monitoring
Data: ERROR_PAYLOAD
SenderID: ErrorGenerationSimProbe
Timestamp: 1676641960973
SessionID: sessionID
Checksum: noChecksum
CepType: DROOLS
2023-02-18T12:29:27.976+0100 [main] INFO  it.cnr.isti.labsedc.concern.ConcernApp - 

-----------------------------------------------------
- NEW MONITORING SESSION - ALL COMPONENTS RESTARTED -
-----------------------------------------------------



2023-02-18T12:29:27.978+0100 [main] INFO  it.cnr.isti.labsedc.concern.ConcernApp - Starting components
2023-02-18T12:29:27.981+0100 [main] DEBUG it.cnr.isti.labsedc.concern.ConcernApp - ConcernApp is launching the broker.
2023-02-18T12:29:27.981+0100 [main] INFO  it.cnr.isti.labsedc.concern.broker.ActiveMQBrokerManager - Start SSL Broker
2023-02-18T12:29:27.989+0100 [main] DEBUG it.cnr.isti.labsedc.concern.broker.ActiveMQBrokerManager - Creating TrasportConnector
2023-02-18T12:29:28.210+0100 [main] DEBUG it.cnr.isti.labsedc.concern.broker.ActiveMQBrokerManager - Waiting for broker start
2023-02-18T12:29:28.210+0100 [main] DEBUG it.cnr.isti.labsedc.concern.broker.ActiveMQBrokerManager - broker started
2023-02-18T12:29:28.210+0100 [main] DEBUG it.cnr.isti.labsedc.concern.broker.ActiveMQBrokerManager - Enabling SSL ConnectionFactory
2023-02-18T12:29:28.233+0100 [main] DEBUG it.cnr.isti.labsedc.concern.broker.ActiveMQBrokerManager - Connection sucessfully created
2023-02-18T12:29:28.233+0100 [main] DEBUG it.cnr.isti.labsedc.concern.broker.ActiveMQBrokerManager - Component ActiveMQBrokerManager loaded in registry.
2023-02-18T12:29:28.233+0100 [main] DEBUG it.cnr.isti.labsedc.concern.ConcernApp - ConcernApp broker launched.
2023-02-18T12:29:28.233+0100 [main] INFO  it.cnr.isti.labsedc.concern.ConcernApp - Connecting to ActiveMQ
2023-02-18T12:29:28.234+0100 [main] INFO  it.cnr.isti.labsedc.concern.ConcernApp - Connected to ActiveMQ
2023-02-18T12:29:28.234+0100 [main] DEBUG it.cnr.isti.labsedc.concern.register.ChannelsManagementRegistry - into ChannelsManagementRegistry
2023-02-18T12:29:28.234+0100 [main] DEBUG it.cnr.isti.labsedc.concern.register.ChannelsManagementRegistry - ChannelsManagementRegistry started
2023-02-18T12:29:28.234+0100 [main] DEBUG it.cnr.isti.labsedc.concern.register.ChannelsManagementRegistry - ChannelsManagementRegistry loaded in registry.
2023-02-18T12:29:28.234+0100 [main] DEBUG it.cnr.isti.labsedc.concern.ConcernApp - Channels Management Registry created
2023-02-18T12:29:28.674+0100 [main] INFO  it.cnr.isti.labsedc.concern.cep.DroolsComplexEventProcessorManager - CEP creation 
2023-02-18T12:29:28.693+0100 [Thread-4] INFO  it.cnr.isti.labsedc.concern.cep.DroolsComplexEventProcessorManager - ...CEP named InstanceOne creates a listening channel called: DROOLS-InstanceOne
2023-02-18T12:29:28.872+0100 [Thread-4] INFO  it.cnr.isti.labsedc.concern.cep.DroolsComplexEventProcessorManager - ...CEP named InstanceOne created Session and fires rules /home/acalabro/eclipse-workspace/ConcernMonitoringRest/src/main/resources/startupRule.drl with knowledgePackages: [[Package name=it.cnr.isti.labsedc.concern.event]]
2023-02-18T12:29:44.260+0100 [ActiveMQ Session Task-1] INFO  it.cnr.isti.labsedc.concern.cep.DroolsComplexEventProcessorManager - ...CEP named InstanceOne received an event of type:
it.cnr.isti.labsedc.concern.event.ConcernBaseEvent in the stream, sent from ErrorGenerationSimProbe
2023-02-18T12:29:44.296+0100 [ActiveMQ Session Task-1] INFO  it.cnr.isti.labsedc.concern.cep.DroolsComplexEventProcessorManager - with data:
Name: ERROR_NAME
Destination: Monitoring
Data: ERROR_PAYLOAD
SenderID: ErrorGenerationSimProbe
Timestamp: 1676719784210
SessionID: sessionID
Checksum: noChecksum
CepType: DROOLS
2023-02-18T12:29:54.453+0100 [ActiveMQ Session Task-1] INFO  it.cnr.isti.labsedc.concern.cep.DroolsComplexEventProcessorManager - ...CEP named InstanceOne received an event of type:
it.cnr.isti.labsedc.concern.event.ConcernBaseEvent in the stream, sent from ErrorGenerationSimProbe
2023-02-18T12:29:54.461+0100 [ActiveMQ Session Task-1] INFO  it.cnr.isti.labsedc.concern.cep.DroolsComplexEventProcessorManager - with data:
Name: ERROR_NAME
Destination: Monitoring
Data: ERROR_PAYLOAD
SenderID: ErrorGenerationSimProbe
Timestamp: 1676719794447
SessionID: sessionID
Checksum: noChecksum
CepType: DROOLS
2023-02-18T12:29:54.462+0100 [ActiveMQ Session Task-1] INFO  it.cnr.isti.labsedc.concern.cep.DroolsComplexEventProcessorManager - ...CEP named InstanceOne received an event of type:
it.cnr.isti.labsedc.concern.event.ConcernBaseEvent in the stream, sent from ErrorGenerationSimProbe
2023-02-18T12:29:54.469+0100 [ActiveMQ Session Task-1] INFO  it.cnr.isti.labsedc.concern.cep.DroolsComplexEventProcessorManager - with data:
Name: ERROR_NAME
Destination: Monitoring
Data: ERROR_PAYLOAD
SenderID: ErrorGenerationSimProbe
Timestamp: 1676719794451
SessionID: sessionID
Checksum: noChecksum
CepType: DROOLS
2023-02-18T12:32:15.854+0100 [main] INFO  it.cnr.isti.labsedc.concern.ConcernApp - 

-----------------------------------------------------
- NEW MONITORING SESSION - ALL COMPONENTS RESTARTED -
-----------------------------------------------------



2023-02-18T12:32:15.856+0100 [main] INFO  it.cnr.isti.labsedc.concern.ConcernApp - Starting components
2023-02-18T12:32:15.859+0100 [main] DEBUG it.cnr.isti.labsedc.concern.ConcernApp - ConcernApp is launching the broker.
2023-02-18T12:32:15.859+0100 [main] INFO  it.cnr.isti.labsedc.concern.broker.ActiveMQBrokerManager - Start SSL Broker
2023-02-18T12:32:15.866+0100 [main] DEBUG it.cnr.isti.labsedc.concern.broker.ActiveMQBrokerManager - Creating TrasportConnector
2023-02-18T12:32:16.023+0100 [main] DEBUG it.cnr.isti.labsedc.concern.broker.ActiveMQBrokerManager - Waiting for broker start
2023-02-18T12:32:16.023+0100 [main] DEBUG it.cnr.isti.labsedc.concern.broker.ActiveMQBrokerManager - broker started
2023-02-18T12:32:16.023+0100 [main] DEBUG it.cnr.isti.labsedc.concern.broker.ActiveMQBrokerManager - Enabling SSL ConnectionFactory
2023-02-18T12:32:16.049+0100 [main] DEBUG it.cnr.isti.labsedc.concern.broker.ActiveMQBrokerManager - Connection sucessfully created
2023-02-18T12:32:16.049+0100 [main] DEBUG it.cnr.isti.labsedc.concern.broker.ActiveMQBrokerManager - Component ActiveMQBrokerManager loaded in registry.
2023-02-18T12:32:16.049+0100 [main] DEBUG it.cnr.isti.labsedc.concern.ConcernApp - ConcernApp broker launched.
2023-02-18T12:32:16.049+0100 [main] INFO  it.cnr.isti.labsedc.concern.ConcernApp - Connecting to ActiveMQ
2023-02-18T12:32:16.049+0100 [main] INFO  it.cnr.isti.labsedc.concern.ConcernApp - Connected to ActiveMQ
2023-02-18T12:32:16.050+0100 [main] DEBUG it.cnr.isti.labsedc.concern.register.ChannelsManagementRegistry - into ChannelsManagementRegistry
2023-02-18T12:32:16.050+0100 [main] DEBUG it.cnr.isti.labsedc.concern.register.ChannelsManagementRegistry - ChannelsManagementRegistry started
2023-02-18T12:32:16.050+0100 [main] DEBUG it.cnr.isti.labsedc.concern.register.ChannelsManagementRegistry - ChannelsManagementRegistry loaded in registry.
2023-02-18T12:32:16.050+0100 [main] DEBUG it.cnr.isti.labsedc.concern.ConcernApp - Channels Management Registry created
2023-02-18T12:32:16.425+0100 [main] INFO  it.cnr.isti.labsedc.concern.cep.DroolsComplexEventProcessorManager - CEP creation 
2023-02-18T12:32:16.444+0100 [Thread-4] INFO  it.cnr.isti.labsedc.concern.cep.DroolsComplexEventProcessorManager - ...CEP named InstanceOne creates a listening channel called: DROOLS-InstanceOne
2023-02-18T12:32:16.634+0100 [Thread-4] INFO  it.cnr.isti.labsedc.concern.cep.DroolsComplexEventProcessorManager - ...CEP named InstanceOne created Session and fires rules /home/acalabro/eclipse-workspace/ConcernMonitoringRest/src/main/resources/startupRule.drl with knowledgePackages: [[Package name=it.cnr.isti.labsedc.concern.event]]
2023-02-18T12:32:27.753+0100 [ActiveMQ Session Task-1] INFO  it.cnr.isti.labsedc.concern.cep.DroolsComplexEventProcessorManager - ...CEP named InstanceOne received an event of type:
it.cnr.isti.labsedc.concern.event.ConcernBaseEvent in the stream, sent from ErrorGenerationSimProbe
2023-02-18T12:32:27.780+0100 [ActiveMQ Session Task-1] INFO  it.cnr.isti.labsedc.concern.cep.DroolsComplexEventProcessorManager - with data:
Name: ERROR_NAME
Destination: Monitoring
Data: ERROR_PAYLOAD
SenderID: ErrorGenerationSimProbe
Timestamp: 1676719947687
SessionID: sessionID
Checksum: noChecksum
CepType: DROOLS
2023-02-18T12:32:37.953+0100 [ActiveMQ Session Task-1] INFO  it.cnr.isti.labsedc.concern.cep.DroolsComplexEventProcessorManager - ...CEP named InstanceOne received an event of type:
it.cnr.isti.labsedc.concern.event.ConcernBaseEvent in the stream, sent from ErrorGenerationSimProbe
2023-02-18T12:32:37.967+0100 [ActiveMQ Session Task-1] INFO  it.cnr.isti.labsedc.concern.cep.DroolsComplexEventProcessorManager - with data:
Name: ERROR_NAME
Destination: Monitoring
Data: ERROR_PAYLOAD
SenderID: ErrorGenerationSimProbe
Timestamp: 1676719957946
SessionID: sessionID
Checksum: noChecksum
CepType: DROOLS
2023-02-18T12:32:37.968+0100 [ActiveMQ Session Task-1] INFO  it.cnr.isti.labsedc.concern.cep.DroolsComplexEventProcessorManager - ...CEP named InstanceOne received an event of type:
it.cnr.isti.labsedc.concern.event.ConcernBaseEvent in the stream, sent from ErrorGenerationSimProbe
2023-02-18T12:32:37.975+0100 [ActiveMQ Session Task-1] INFO  it.cnr.isti.labsedc.concern.cep.DroolsComplexEventProcessorManager - with data:
Name: ERROR_NAME
Destination: Monitoring
Data: ERROR_PAYLOAD
SenderID: ErrorGenerationSimProbe
Timestamp: 1676719957950
SessionID: sessionID
Checksum: noChecksum
CepType: DROOLS
