2023-02-17T14:35:37.096+0100 [main] INFO  it.cnr.isti.labsedc.concern.storage.MySQLStorageController - Setting up storage with default parameters
2023-02-17T14:35:37.351+0100 [main] INFO  it.cnr.isti.labsedc.concern.storage.MySQLStorageController - Connected successfully to concern on localhost
2023-02-17T14:37:50.561+0100 [grizzly-http-server-1] INFO  it.cnr.isti.labsedc.concern.storage.MySQLStorageController - Setting up storage with default parameters
2023-02-17T14:37:50.854+0100 [grizzly-http-server-1] INFO  it.cnr.isti.labsedc.concern.storage.MySQLStorageController - Connected successfully to concern on localhost
2023-02-17T14:40:51.042+0100 [grizzly-http-server-1] INFO  it.cnr.isti.labsedc.concern.storage.MySQLStorageController - Setting up storage with default parameters
2023-02-17T14:40:51.284+0100 [grizzly-http-server-1] INFO  it.cnr.isti.labsedc.concern.storage.MySQLStorageController - Connected successfully to concern on localhost
2023-02-17T14:42:27.144+0100 [grizzly-http-server-1] INFO  it.cnr.isti.labsedc.concern.storage.MySQLStorageController - Setting up storage with default parameters
2023-02-17T14:42:27.425+0100 [grizzly-http-server-1] INFO  it.cnr.isti.labsedc.concern.storage.MySQLStorageController - Connected successfully to concern on localhost
2023-02-17T14:43:43.433+0100 [grizzly-http-server-1] INFO  it.cnr.isti.labsedc.concern.storage.MySQLStorageController - Setting up storage with default parameters
2023-02-17T14:43:43.688+0100 [grizzly-http-server-1] INFO  it.cnr.isti.labsedc.concern.storage.MySQLStorageController - Connected successfully to concern on localhost
2023-02-17T14:45:55.503+0100 [grizzly-http-server-1] INFO  it.cnr.isti.labsedc.concern.storage.MySQLStorageController - Setting up storage with default parameters
2023-02-17T14:45:55.731+0100 [grizzly-http-server-1] INFO  it.cnr.isti.labsedc.concern.storage.MySQLStorageController - Connected successfully to concern on localhost
2023-02-17T14:47:08.052+0100 [grizzly-http-server-1] INFO  it.cnr.isti.labsedc.concern.storage.MySQLStorageController - Setting up storage with default parameters
2023-02-17T14:47:08.301+0100 [grizzly-http-server-1] INFO  it.cnr.isti.labsedc.concern.storage.MySQLStorageController - Connected successfully to concern on localhost
2023-02-17T14:48:30.934+0100 [grizzly-http-server-1] INFO  it.cnr.isti.labsedc.concern.storage.MySQLStorageController - Setting up storage with default parameters
2023-02-17T14:48:31.166+0100 [grizzly-http-server-1] INFO  it.cnr.isti.labsedc.concern.storage.MySQLStorageController - Connected successfully to concern on localhost
2023-02-17T14:49:14.178+0100 [ActiveMQ Session Task-2] INFO  it.cnr.isti.labsedc.concern.storage.MySQLStorageController - Event: it.cnr.isti.labsedc.concern.event.ConcernBaseEvent@af7a9a3 stored.
2023-02-17T14:50:14.572+0100 [grizzly-http-server-1] INFO  it.cnr.isti.labsedc.concern.storage.MySQLStorageController - Setting up storage with default parameters
2023-02-17T14:50:14.837+0100 [grizzly-http-server-1] INFO  it.cnr.isti.labsedc.concern.storage.MySQLStorageController - Connected successfully to concern on localhost
2023-02-17T14:51:31.714+0100 [grizzly-http-server-1] INFO  it.cnr.isti.labsedc.concern.storage.MySQLStorageController - Setting up storage with default parameters
2023-02-17T14:51:31.988+0100 [grizzly-http-server-1] INFO  it.cnr.isti.labsedc.concern.storage.MySQLStorageController - Connected successfully to concern on localhost
2023-02-17T14:52:18.050+0100 [grizzly-http-server-1] INFO  it.cnr.isti.labsedc.concern.storage.MySQLStorageController - Setting up storage with default parameters
2023-02-17T14:52:18.317+0100 [grizzly-http-server-1] INFO  it.cnr.isti.labsedc.concern.storage.MySQLStorageController - Connected successfully to concern on localhost
2023-02-17T14:52:35.684+0100 [ActiveMQ Session Task-1] INFO  it.cnr.isti.labsedc.concern.storage.MySQLStorageController - Event: it.cnr.isti.labsedc.concern.event.ConcernBaseEvent@3e83b773 stored.
2023-02-17T14:52:40.997+0100 [ActiveMQ Session Task-1] INFO  it.cnr.isti.labsedc.concern.storage.MySQLStorageController - Event: it.cnr.isti.labsedc.concern.event.ConcernBaseEvent@2620f6b2 stored.
2023-02-18T12:29:28.235+0100 [main] INFO  it.cnr.isti.labsedc.concern.storage.MySQLStorageController - Setting up storage with default parameters
2023-02-18T12:29:28.504+0100 [main] INFO  it.cnr.isti.labsedc.concern.storage.MySQLStorageController - Connected successfully to concern on localhost
2023-02-18T12:29:44.296+0100 [ActiveMQ Session Task-1] INFO  it.cnr.isti.labsedc.concern.storage.MySQLStorageController - Event: it.cnr.isti.labsedc.concern.event.ConcernBaseEvent@7e67d0 stored.
2023-02-18T12:29:54.460+0100 [ActiveMQ Session Task-1] INFO  it.cnr.isti.labsedc.concern.storage.MySQLStorageController - Event: it.cnr.isti.labsedc.concern.event.ConcernBaseEvent@3c7023c5 stored.
2023-02-18T12:29:54.468+0100 [ActiveMQ Session Task-1] INFO  it.cnr.isti.labsedc.concern.storage.MySQLStorageController - Event: it.cnr.isti.labsedc.concern.event.ConcernBaseEvent@87eda0f stored.
2023-02-18T12:32:16.051+0100 [main] INFO  it.cnr.isti.labsedc.concern.storage.MySQLStorageController - Setting up storage with default parameters
2023-02-18T12:32:16.296+0100 [main] INFO  it.cnr.isti.labsedc.concern.storage.MySQLStorageController - Connected successfully to concern on localhost
2023-02-18T12:32:27.779+0100 [ActiveMQ Session Task-1] INFO  it.cnr.isti.labsedc.concern.storage.MySQLStorageController - Event: it.cnr.isti.labsedc.concern.event.ConcernBaseEvent@14b9c439 stored.
2023-02-18T12:32:37.967+0100 [ActiveMQ Session Task-1] INFO  it.cnr.isti.labsedc.concern.storage.MySQLStorageController - Event: it.cnr.isti.labsedc.concern.event.ConcernBaseEvent@4a704dc8 stored.
2023-02-18T12:32:37.974+0100 [ActiveMQ Session Task-1] INFO  it.cnr.isti.labsedc.concern.storage.MySQLStorageController - Event: it.cnr.isti.labsedc.concern.event.ConcernBaseEvent@111ba996 stored.
